<?xml version="1.0" encoding="UTF-8" ?>
<testsuite tests="32" failures="0" name="runners.TripPlanerRunner" time="122.698" errors="0" skipped="0">
  <properties>
    <property name="java.runtime.name" value="Java(TM) SE Runtime Environment"/>
    <property name="sun.boot.library.path" value="C:\Program Files\Java\jdk1.8.0_144\jre\bin"/>
    <property name="java.vm.version" value="25.144-b01"/>
    <property name="java.vm.vendor" value="Oracle Corporation"/>
    <property name="java.vendor.url" value="http://java.oracle.com/"/>
    <property name="path.separator" value=";"/>
    <property name="guice.disable.misplaced.annotation.check" value="true"/>
    <property name="java.vm.name" value="Java HotSpot(TM) 64-Bit Server VM"/>
    <property name="file.encoding.pkg" value="sun.io"/>
    <property name="user.script" value=""/>
    <property name="user.country" value="DE"/>
    <property name="sun.java.launcher" value="SUN_STANDARD"/>
    <property name="sun.os.patch.level" value="Service Pack 1"/>
    <property name="test" value="TripPlanerRunner"/>
    <property name="java.vm.specification.name" value="Java Virtual Machine Specification"/>
    <property name="user.dir" value="D:\myApps\myWorkspace\kozeium"/>
    <property name="java.runtime.version" value="1.8.0_144-b01"/>
    <property name="java.awt.graphicsenv" value="sun.awt.Win32GraphicsEnvironment"/>
    <property name="java.endorsed.dirs" value="C:\Program Files\Java\jdk1.8.0_144\jre\lib\endorsed"/>
    <property name="os.arch" value="amd64"/>
    <property name="java.io.tmpdir" value="D:\Users\GOUADA~1\AppData\Local\Temp\"/>
    <property name="line.separator" value="
"/>
    <property name="java.vm.specification.vendor" value="Oracle Corporation"/>
    <property name="user.variant" value=""/>
    <property name="os.name" value="Windows 7"/>
    <property name="classworlds.conf" value="D:\SDE\SDC\LunaRiM\binary\org.apache.maven.3.0.4.win_3.0.4\bin\m2.conf"/>
    <property name="sun.jnu.encoding" value="Cp1252"/>
    <property name="java.library.path" value="C:\Program Files\Java\jdk1.8.0_144\bin;C:\Windows\Sun\Java\bin;C:\Windows\system32;C:\Windows;D:\SDE\SDC\LunaRiM\binary\org.apache.maven.3.0.4.win_3.0.4/bin;C:\Program Files\Java\jdk1.8.0_144/bin;C:\Program Files\Java\jdk1.8.0_144/bin;C:\ProgramData\Oracle\Java\javapath;C:\Windows\system32;C:\Windows;C:\Windows\System32\Wbem;C:\Windows\System32\WindowsPowerShell\v1.0\;C:\Program Files (x86)\Microsoft Application Virtualization Client;C:\Program Files (x86)\IBM\Lotus\Notes\;C:\Program Files\Lenovo\Fingerprint Manager Pro\;C:\Program Files\TortoiseSVN\bin;D:\SDE\SDC\LunaRiM\binary\org.apache.maven.3.0.4.win_3.0.4\bin;D:\NonBKU\IEDriver\IEDriverServer.exe;D:\NonBKU\FFDriver\wires-0.6.2-win.exe;D:\jmeter;C:\Program Files\Git\cmd\;C:\Program Files\TortoiseGit\bin;C:\Program Files\Git\bin;C:\Program Files\CenterTools\DriveLock\;C:\Python27;C:\Windows\System32\WindowsPowerShell\v1.0\;C:\Program Files (x86)\Sennheiser\SoftphoneSDK\;C:\Program Files (x86)\Plantronics\Spokes3G\;D:\VuGen\strawberry-perl\perl\bin;D:\NonBKU\PuTTY\;D:\NonBKU\nodejs\;D:\NonBKU\Android-sdk-windows\platform-tools;D:\NonBKU\Android-sdk-windows\tools;D:\NonBKU\Android-sdk-windows\tools\bin;C:\Program Files (x86)\SDE\Putty\;D:\NonBKU\Docker Toolbox;D:\Users\GouadaDopavogui\AppData\Roaming\npm;D:\NonBKU\Fiddler;."/>
    <property name="java.specification.name" value="Java Platform API Specification"/>
    <property name="java.class.version" value="52.0"/>
    <property name="sun.management.compiler" value="HotSpot 64-Bit Tiered Compilers"/>
    <property name="os.version" value="6.1"/>
    <property name="user.home" value="D:\Users\GouadaDopavogui"/>
    <property name="user.timezone" value="Europe/Berlin"/>
    <property name="java.awt.printerjob" value="sun.awt.windows.WPrinterJob"/>
    <property name="java.specification.version" value="1.8"/>
    <property name="file.encoding" value="Cp1252"/>
    <property name="user.name" value="gouadadopavogui"/>
    <property name="java.class.path" value="D:\SDE\SDC\LunaRiM\binary\org.apache.maven.3.0.4.win_3.0.4\boot\plexus-classworlds-2.4.jar"/>
    <property name="java.vm.specification.version" value="1.8"/>
    <property name="sun.arch.data.model" value="64"/>
    <property name="java.home" value="C:\Program Files\Java\jdk1.8.0_144\jre"/>
    <property name="sun.java.command" value="org.codehaus.plexus.classworlds.launcher.Launcher -Dtest=TripPlanerRunner test"/>
    <property name="java.specification.vendor" value="Oracle Corporation"/>
    <property name="user.language" value="de"/>
    <property name="awt.toolkit" value="sun.awt.windows.WToolkit"/>
    <property name="java.vm.info" value="mixed mode"/>
    <property name="java.version" value="1.8.0_144"/>
    <property name="java.ext.dirs" value="C:\Program Files\Java\jdk1.8.0_144\jre\lib\ext;C:\Windows\Sun\Java\lib\ext"/>
    <property name="sun.boot.class.path" value="C:\Program Files\Java\jdk1.8.0_144\jre\lib\resources.jar;C:\Program Files\Java\jdk1.8.0_144\jre\lib\rt.jar;C:\Program Files\Java\jdk1.8.0_144\jre\lib\sunrsasign.jar;C:\Program Files\Java\jdk1.8.0_144\jre\lib\jsse.jar;C:\Program Files\Java\jdk1.8.0_144\jre\lib\jce.jar;C:\Program Files\Java\jdk1.8.0_144\jre\lib\charsets.jar;C:\Program Files\Java\jdk1.8.0_144\jre\lib\jfr.jar;C:\Program Files\Java\jdk1.8.0_144\jre\classes"/>
    <property name="java.vendor" value="Oracle Corporation"/>
    <property name="maven.home" value="D:\SDE\SDC\LunaRiM\binary\org.apache.maven.3.0.4.win_3.0.4"/>
    <property name="file.separator" value="\"/>
    <property name="java.vendor.url.bug" value="http://bugreport.sun.com/bugreport/"/>
    <property name="sun.cpu.endian" value="little"/>
    <property name="sun.io.unicode.encoding" value="UnicodeLittle"/>
    <property name="sun.desktop" value="windows"/>
    <property name="sun.cpu.isalist" value="amd64"/>
  </properties>
  <testcase classname="| Mainz Hbf | Leipzig Hbf |" name="Given navigator is started" time="0"/>
  <testcase classname="| Mainz Hbf | Leipzig Hbf |" name="Then I enter the start station Mainz Hbf" time="0"/>
  <testcase classname="| Mainz Hbf | Leipzig Hbf |" name="Then I enter the destination station Leipzig Hbf" time="0"/>
  <testcase classname="| Mainz Hbf | Leipzig Hbf |" name="Then I click the day picker" time="0"/>
  <testcase classname="| Mainz Hbf | Leipzig Hbf |" name="Then I select the travel date" time="0"/>
  <testcase classname="| Mainz Hbf | Leipzig Hbf |" name="Then I click the done button" time="0"/>
  <testcase classname="| Mainz Hbf | Leipzig Hbf |" name="And I click the search button" time="0"/>
  <testcase classname="| Mainz Hbf | Leipzig Hbf |" name="And I scroll down to later button" time="0"/>
  <testcase classname="| Mainz Hbf | Leipzig Hbf |" name="Then I scroll up to earlier button" time="0"/>
  <testcase classname="| Mainz Hbf | Leipzig Hbf |" name="Then I scroll back to later button" time="0"/>
  <testcase classname="| Mainz Hbf | Leipzig Hbf |" name="And I click later button" time="0.001"/>
  <testcase classname="| Mainz Hbf | Leipzig Hbf |" name="Then I select a trip" time="0"/>
  <testcase classname="| Mainz Hbf | Leipzig Hbf |" name="Then I click mfe button" time="0"/>
  <testcase classname="| Mainz Hbf | Leipzig Hbf |" name="Then I click operation days" time="0"/>
  <testcase classname="| Mainz Hbf | Leipzig Hbf |" name="Then I click back button" time="0"/>
  <testcase classname="| Mainz Hbf | Leipzig Hbf |" name="| Mainz Hbf | Leipzig Hbf |" time="3.129"/>
  <testcase classname="Given navigator is started(| Frankfurt(Main)Hbf | Frankfurt(Main)Flugh |)" name="Given navigator is started" time="0"/>
  <testcase classname="Then I enter the start station Frankfurt(Main)Hbf(| Frankfurt(Main)Hbf | Frankfurt(Main)Flugh |)" name="Then I enter the start station Frankfurt" time="0.001"/>
  <testcase classname="Then I enter the destination station Frankfurt(Main)Flugh(| Frankfurt(Main)Hbf | Frankfurt(Main)Flugh |)" name="Then I enter the destination station Frankfurt" time="0"/>
  <testcase classname="Then I click the day picker(| Frankfurt(Main)Hbf | Frankfurt(Main)Flugh |)" name="Then I click the day picker" time="0.001"/>
  <testcase classname="Then I select the travel date(| Frankfurt(Main)Hbf | Frankfurt(Main)Flugh |)" name="Then I select the travel date" time="0"/>
  <testcase classname="Then I click the done button(| Frankfurt(Main)Hbf | Frankfurt(Main)Flugh |)" name="Then I click the done button" time="0"/>
  <testcase classname="And I click the search button(| Frankfurt(Main)Hbf | Frankfurt(Main)Flugh |)" name="And I click the search button" time="0"/>
  <testcase classname="And I scroll down to later button(| Frankfurt(Main)Hbf | Frankfurt(Main)Flugh |)" name="And I scroll down to later button" time="0"/>
  <testcase classname="Then I scroll up to earlier button(| Frankfurt(Main)Hbf | Frankfurt(Main)Flugh |)" name="Then I scroll up to earlier button" time="0"/>
  <testcase classname="Then I scroll back to later button(| Frankfurt(Main)Hbf | Frankfurt(Main)Flugh |)" name="Then I scroll back to later button" time="0"/>
  <testcase classname="And I click later button(| Frankfurt(Main)Hbf | Frankfurt(Main)Flugh |)" name="And I click later button" time="0"/>
  <testcase classname="Then I select a trip(| Frankfurt(Main)Hbf | Frankfurt(Main)Flugh |)" name="Then I select a trip" time="0"/>
  <testcase classname="Then I click mfe button(| Frankfurt(Main)Hbf | Frankfurt(Main)Flugh |)" name="Then I click mfe button" time="0"/>
  <testcase classname="Then I click operation days(| Frankfurt(Main)Hbf | Frankfurt(Main)Flugh |)" name="Then I click operation days" time="0"/>
  <testcase classname="Then I click back button(| Frankfurt(Main)Hbf | Frankfurt(Main)Flugh |)" name="Then I click back button" time="0.001"/>
  <testcase classname="| Frankfurt(Main)Hbf | Frankfurt(Main)Flugh |" name="| Frankfurt" time="2.265"/>
</testsuite>