<?xml version="1.0" encoding="UTF-8" ?>
<testsuite tests="24" failures="0" name="runners.CalculatorRunner" time="119.403" errors="0" skipped="0">
  <properties>
    <property name="java.runtime.name" value="Java(TM) SE Runtime Environment"/>
    <property name="sun.boot.library.path" value="C:\Program Files\Java\jdk1.8.0_144\jre\bin"/>
    <property name="java.vm.version" value="25.144-b01"/>
    <property name="java.vm.vendor" value="Oracle Corporation"/>
    <property name="java.vendor.url" value="http://java.oracle.com/"/>
    <property name="path.separator" value=";"/>
    <property name="guice.disable.misplaced.annotation.check" value="true"/>
    <property name="java.vm.name" value="Java HotSpot(TM) 64-Bit Server VM"/>
    <property name="file.encoding.pkg" value="sun.io"/>
    <property name="user.script" value=""/>
    <property name="user.country" value="DE"/>
    <property name="sun.java.launcher" value="SUN_STANDARD"/>
    <property name="sun.os.patch.level" value="Service Pack 1"/>
    <property name="test" value="CalculatorRunner"/>
    <property name="java.vm.specification.name" value="Java Virtual Machine Specification"/>
    <property name="user.dir" value="D:\myApps\myWorkspace\kozeium"/>
    <property name="java.runtime.version" value="1.8.0_144-b01"/>
    <property name="java.awt.graphicsenv" value="sun.awt.Win32GraphicsEnvironment"/>
    <property name="java.endorsed.dirs" value="C:\Program Files\Java\jdk1.8.0_144\jre\lib\endorsed"/>
    <property name="os.arch" value="amd64"/>
    <property name="java.io.tmpdir" value="D:\Users\GOUADA~1\AppData\Local\Temp\"/>
    <property name="line.separator" value="
"/>
    <property name="java.vm.specification.vendor" value="Oracle Corporation"/>
    <property name="user.variant" value=""/>
    <property name="os.name" value="Windows 7"/>
    <property name="classworlds.conf" value="D:\SDE\SDC\LunaRiM\binary\org.apache.maven.3.0.4.win_3.0.4\bin\m2.conf"/>
    <property name="sun.jnu.encoding" value="Cp1252"/>
    <property name="java.library.path" value="C:\Program Files\Java\jdk1.8.0_144\bin;C:\Windows\Sun\Java\bin;C:\Windows\system32;C:\Windows;D:\SDE\SDC\LunaRiM\binary\org.apache.maven.3.0.4.win_3.0.4/bin;C:\Program Files\Java\jdk1.8.0_144/bin;C:\Program Files\Java\jdk1.8.0_144/bin;C:\ProgramData\Oracle\Java\javapath;C:\Windows\system32;C:\Windows;C:\Windows\System32\Wbem;C:\Windows\System32\WindowsPowerShell\v1.0\;C:\Program Files (x86)\Microsoft Application Virtualization Client;C:\Program Files (x86)\IBM\Lotus\Notes\;C:\Program Files\Lenovo\Fingerprint Manager Pro\;C:\Program Files\TortoiseSVN\bin;D:\SDE\SDC\LunaRiM\binary\org.apache.maven.3.0.4.win_3.0.4\bin;D:\NonBKU\IEDriver\IEDriverServer.exe;D:\NonBKU\FFDriver\wires-0.6.2-win.exe;D:\jmeter;C:\Program Files\Git\cmd\;C:\Program Files\TortoiseGit\bin;C:\Program Files\Git\bin;C:\Program Files\CenterTools\DriveLock\;C:\Python27;C:\Windows\System32\WindowsPowerShell\v1.0\;C:\Program Files (x86)\Sennheiser\SoftphoneSDK\;C:\Program Files (x86)\Plantronics\Spokes3G\;D:\VuGen\strawberry-perl\perl\bin;D:\NonBKU\PuTTY\;D:\NonBKU\nodejs\;D:\NonBKU\Android-sdk-windows\platform-tools;D:\NonBKU\Android-sdk-windows\tools;D:\NonBKU\Android-sdk-windows\tools\bin;C:\Program Files (x86)\SDE\Putty\;D:\NonBKU\Docker Toolbox;C:\ProgramData\Oracle\Java\javapath;C:\Windows\system32;C:\Windows;C:\Windows\System32\Wbem;C:\Windows\System32\WindowsPowerShell\v1.0\;C:\Program Files (x86)\Microsoft Application Virtualization Client;C:\Program Files (x86)\IBM\Lotus\Notes\;C:\Program Files\Lenovo\Fingerprint Manager Pro\;C:\Program Files\TortoiseSVN\bin;D:\SDE\SDC\LunaRiM\binary\org.apache.maven.3.0.4.win_3.0.4\bin;D:\NonBKU\IEDriver\IEDriverServer.exe;D:\NonBKU\FFDriver\wires-0.6.2-win.exe;D:\jmeter;C:\Program Files\Git\cmd\;C:\Program Files\TortoiseGit\bin;C:\Program Files\Git\bin;C:\Program Files\CenterTools\DriveLock\;C:\Python27;C:\Windows\System32\WindowsPowerShell\v1.0\;C:\Program Files (x86)\Sennheiser\SoftphoneSDK\;C:\Program Files (x86)\Plantronics\Spokes3G\;D:\VuGen\strawberry-perl\perl\bin;D:\NonBKU\PuTTY\;D:\NonBKU\nodejs\;D:\NonBKU\Android-sdk-windows\platform-tools;D:\NonBKU\Android-sdk-windows\tools;D:\NonBKU\Android-sdk-windows\tools\bin;C:\Program Files (x86)\SDE\Putty\;D:\NonBKU\Docker Toolbox;D:\Users\GouadaDopavogui\Ap;."/>
    <property name="java.specification.name" value="Java Platform API Specification"/>
    <property name="java.class.version" value="52.0"/>
    <property name="sun.management.compiler" value="HotSpot 64-Bit Tiered Compilers"/>
    <property name="os.version" value="6.1"/>
    <property name="user.home" value="D:\Users\GouadaDopavogui"/>
    <property name="user.timezone" value="Europe/Berlin"/>
    <property name="java.awt.printerjob" value="sun.awt.windows.WPrinterJob"/>
    <property name="java.specification.version" value="1.8"/>
    <property name="file.encoding" value="Cp1252"/>
    <property name="user.name" value="gouadadopavogui"/>
    <property name="java.class.path" value="D:\SDE\SDC\LunaRiM\binary\org.apache.maven.3.0.4.win_3.0.4\boot\plexus-classworlds-2.4.jar"/>
    <property name="java.vm.specification.version" value="1.8"/>
    <property name="sun.arch.data.model" value="64"/>
    <property name="java.home" value="C:\Program Files\Java\jdk1.8.0_144\jre"/>
    <property name="sun.java.command" value="org.codehaus.plexus.classworlds.launcher.Launcher -Dtest=CalculatorRunner test"/>
    <property name="java.specification.vendor" value="Oracle Corporation"/>
    <property name="user.language" value="de"/>
    <property name="awt.toolkit" value="sun.awt.windows.WToolkit"/>
    <property name="java.vm.info" value="mixed mode"/>
    <property name="java.version" value="1.8.0_144"/>
    <property name="java.ext.dirs" value="C:\Program Files\Java\jdk1.8.0_144\jre\lib\ext;C:\Windows\Sun\Java\lib\ext"/>
    <property name="sun.boot.class.path" value="C:\Program Files\Java\jdk1.8.0_144\jre\lib\resources.jar;C:\Program Files\Java\jdk1.8.0_144\jre\lib\rt.jar;C:\Program Files\Java\jdk1.8.0_144\jre\lib\sunrsasign.jar;C:\Program Files\Java\jdk1.8.0_144\jre\lib\jsse.jar;C:\Program Files\Java\jdk1.8.0_144\jre\lib\jce.jar;C:\Program Files\Java\jdk1.8.0_144\jre\lib\charsets.jar;C:\Program Files\Java\jdk1.8.0_144\jre\lib\jfr.jar;C:\Program Files\Java\jdk1.8.0_144\jre\classes"/>
    <property name="java.vendor" value="Oracle Corporation"/>
    <property name="maven.home" value="D:\SDE\SDC\LunaRiM\binary\org.apache.maven.3.0.4.win_3.0.4"/>
    <property name="file.separator" value="\"/>
    <property name="java.vendor.url.bug" value="http://bugreport.sun.com/bugreport/"/>
    <property name="sun.cpu.endian" value="little"/>
    <property name="sun.io.unicode.encoding" value="UnicodeLittle"/>
    <property name="sun.desktop" value="windows"/>
    <property name="sun.cpu.isalist" value="amd64"/>
  </properties>
  <testcase classname="| 7 | 8 | op_add |" name="Given I start the calculator" time="0.004"/>
  <testcase classname="| 7 | 8 | op_add |" name="When I click the first 7" time="0.002"/>
  <testcase classname="| 7 | 8 | op_add |" name="Then I click an operator op_add" time="0"/>
  <testcase classname="| 7 | 8 | op_add |" name="And I click the second 8" time="0"/>
  <testcase classname="| 7 | 8 | op_add |" name="And I click equal" time="0"/>
  <testcase classname="| 7 | 8 | op_add |" name="| 7 | 8 | op_add |" time="6.148"/>
  <testcase classname="| 3 | 7 | op_mul |" name="Given I start the calculator" time="0"/>
  <testcase classname="| 3 | 7 | op_mul |" name="When I click the first 3" time="0"/>
  <testcase classname="| 3 | 7 | op_mul |" name="Then I click an operator op_mul" time="0"/>
  <testcase classname="| 3 | 7 | op_mul |" name="And I click the second 7" time="0"/>
  <testcase classname="| 3 | 7 | op_mul |" name="And I click equal" time="0"/>
  <testcase classname="| 3 | 7 | op_mul |" name="| 3 | 7 | op_mul |" time="6.346"/>
  <testcase classname="| 3 | 3 | op_sub |" name="Given I start the calculator" time="0"/>
  <testcase classname="| 3 | 3 | op_sub |" name="When I click the first 3" time="0"/>
  <testcase classname="| 3 | 3 | op_sub |" name="Then I click an operator op_sub" time="0"/>
  <testcase classname="| 3 | 3 | op_sub |" name="And I click the second 3" time="0"/>
  <testcase classname="| 3 | 3 | op_sub |" name="And I click equal" time="0"/>
  <testcase classname="| 3 | 3 | op_sub |" name="| 3 | 3 | op_sub |" time="4.809"/>
  <testcase classname="| 3 | 3 | op_div |" name="Given I start the calculator" time="0"/>
  <testcase classname="| 3 | 3 | op_div |" name="When I click the first 3" time="0"/>
  <testcase classname="| 3 | 3 | op_div |" name="Then I click an operator op_div" time="0"/>
  <testcase classname="| 3 | 3 | op_div |" name="And I click the second 3" time="0"/>
  <testcase classname="| 3 | 3 | op_div |" name="And I click equal" time="0.001"/>
  <testcase classname="| 3 | 3 | op_div |" name="| 3 | 3 | op_div |" time="4.78"/>
</testsuite>